C:\USERS\SANDCU\DOCUMENTS\VISUAL STUDIO 2012\PROJECTS\LAMEDEMO\AUDIO\RELEASE\SANDCU.AUDIO.PCH
C:\USERS\SANDCU\DOCUMENTS\VISUAL STUDIO 2012\PROJECTS\LAMEDEMO\AUDIO\RELEASE\PCH.OBJ
C:\USERS\SANDCU\DOCUMENTS\VISUAL STUDIO 2012\PROJECTS\LAMEDEMO\AUDIO\RELEASE\VC110.PDB
C:\USERS\SANDCU\DOCUMENTS\VISUAL STUDIO 2012\PROJECTS\LAMEDEMO\AUDIO\RELEASE\RAWPCMCONTENT.OBJ
C:\USERS\SANDCU\DOCUMENTS\VISUAL STUDIO 2012\PROJECTS\LAMEDEMO\AUDIO\RELEASE\COMPRESSEDMP3CONTENT.OBJ
C:\Users\SandCu\documents\visual studio 2012\Projects\LameDemo\Audio\Release\CompressedMp3Content.obj
C:\Users\SandCu\documents\visual studio 2012\Projects\LameDemo\Audio\Release\pch.obj
C:\Users\SandCu\documents\visual studio 2012\Projects\LameDemo\Audio\Release\RawPCMContent.obj
C:\Users\SandCu\documents\visual studio 2012\Projects\LameDemo\Audio\Release\CL.3804.read.1.tlog
C:\Users\SandCu\documents\visual studio 2012\Projects\LameDemo\Audio\Release\CL.3804.write.1.tlog
C:\Users\SandCu\documents\visual studio 2012\Projects\LameDemo\Audio\Release\CL.5844.read.1.tlog
C:\Users\SandCu\documents\visual studio 2012\Projects\LameDemo\Audio\Release\CL.5844.write.1.tlog
C:\Users\SandCu\documents\visual studio 2012\Projects\LameDemo\Audio\Release\CL.7620.read.1.tlog
C:\Users\SandCu\documents\visual studio 2012\Projects\LameDemo\Audio\Release\CL.7620.write.1.tlog
C:\Users\SandCu\documents\visual studio 2012\Projects\LameDemo\Audio\Release\CL.7728.read.1.tlog
C:\Users\SandCu\documents\visual studio 2012\Projects\LameDemo\Audio\Release\CL.7728.write.1.tlog
C:\Users\SandCu\documents\visual studio 2012\Projects\LameDemo\Audio\Release\cl.command.1.tlog
C:\Users\SandCu\documents\visual studio 2012\Projects\LameDemo\Audio\Release\CL.read.1.tlog
C:\Users\SandCu\documents\visual studio 2012\Projects\LameDemo\Audio\Release\CL.write.1.tlog
C:\Users\SandCu\documents\visual studio 2012\Projects\LameDemo\Audio\Release\SandCu.Audio.pch
C:\Users\SandCu\documents\visual studio 2012\Projects\LameDemo\Audio\Release\vc110.pdb
