生成启动时间为 2013/6/27 14:04:15。
     1>项目“F:\KTV\KTV_WP_NEW_1\Branch\Ver_1_0_0\ChangBa_wp8\libmad\libmad.vcxproj”在节点 2 上(Build 个目标)。
     1>ClCompile:
         C:\Program Files (x86)\Microsoft Visual Studio 11.0\VC\WPSDK\WP80\bin\x86_arm\CL.exe /c /AI"C:\Program Files (x86)\Windows Phone Kits\8.0\Windows Metadata" /Zi /nologo /W1 /WX- /O2 /Oy- /GL /D _LIB /D NDEBUG /D WINAPI_FAMILY=WINAPI_FAMILY_PHONE_APP /Gm- /EHsc /MD /GS /fp:precise /Zc:wchar_t /Zc:forScope /Yc"pch.h" /Fp"ARM\Release\libmad.pch" /Fo"ARM\Release\\" /Fd"ARM\Release\vc110.pdb" /Gd /TP /analyze- /errorReport:prompt pch.cpp
         pch.cpp
         C:\Program Files (x86)\Microsoft Visual Studio 11.0\VC\WPSDK\WP80\bin\x86_arm\CL.exe /c /AI"C:\Program Files (x86)\Windows Phone Kits\8.0\Windows Metadata" /Zi /nologo /W1 /WX- /O2 /Oy- /GL /D _LIB /D NDEBUG /D WINAPI_FAMILY=WINAPI_FAMILY_PHONE_APP /Gm- /EHsc /MD /GS /fp:precise /Zc:wchar_t /Zc:forScope /Fo"ARM\Release\\" /Fd"ARM\Release\vc110.pdb" /Gd /TP /analyze- /errorReport:prompt bit.cpp decoder.cpp fixed.cpp frame.cpp huffman.cpp layer12.cpp layer3.cpp libmad.cpp stream.cpp synth.cpp timer.cpp version.cpp wrapper.cpp
         bit.cpp
         decoder.cpp
         fixed.cpp
         frame.cpp
         huffman.cpp
         layer12.cpp
         layer3.cpp
         libmad.cpp
         stream.cpp
         synth.cpp
         timer.cpp
         version.cpp
         wrapper.cpp
       Lib:
         C:\Program Files (x86)\Microsoft Visual Studio 11.0\VC\WPSDK\WP80\bin\x86_arm\Lib.exe /OUT:"F:\KTV\KTV_WP_NEW_1\Branch\Ver_1_0_0\ChangBa_wp8\ARM\Release\libmad\libmad.lib" /NOLOGO /MACHINE:ARM /LTCG ARM\Release\bit.obj
         ARM\Release\decoder.obj
         ARM\Release\fixed.obj
         ARM\Release\frame.obj
         ARM\Release\huffman.obj
         ARM\Release\layer12.obj
         ARM\Release\layer3.obj
         ARM\Release\libmad.obj
         ARM\Release\pch.obj
         ARM\Release\stream.obj
         ARM\Release\synth.obj
         ARM\Release\timer.obj
         ARM\Release\version.obj
         ARM\Release\wrapper.obj
         libmad.vcxproj -> F:\KTV\KTV_WP_NEW_1\Branch\Ver_1_0_0\ChangBa_wp8\ARM\Release\libmad\libmad.lib
     1>已完成生成项目“F:\KTV\KTV_WP_NEW_1\Branch\Ver_1_0_0\ChangBa_wp8\libmad\libmad.vcxproj”(Build 个目标)的操作。

生成成功。

已用时间 00:00:02.24
