C:\Users\SandCu\documents\visual studio 2012\Projects\LameDemo\Audio\Win32\Debug\SandCu_Audio.lib
C:\Users\SandCu\documents\visual studio 2012\Projects\LameDemo\Audio\Win32\Debug\SandCu_Audio.exp
C:\USERS\SANDCU\DOCUMENTS\VISUAL STUDIO 2012\PROJECTS\LAMEDEMO\AUDIO\DEBUG\SANDCU_AUDIO.PCH
C:\USERS\SANDCU\DOCUMENTS\VISUAL STUDIO 2012\PROJECTS\LAMEDEMO\AUDIO\DEBUG\PCH.OBJ
C:\USERS\SANDCU\DOCUMENTS\VISUAL STUDIO 2012\PROJECTS\LAMEDEMO\AUDIO\DEBUG\VC110.PDB
C:\USERS\SANDCU\DOCUMENTS\VISUAL STUDIO 2012\PROJECTS\LAMEDEMO\AUDIO\DEBUG\COMPRESSEDMP3CONTENT.OBJ
C:\USERS\SANDCU\DOCUMENTS\VISUAL STUDIO 2012\PROJECTS\LAMEDEMO\AUDIO\DEBUG\RAWPCMCONTENT.OBJ
C:\USERS\SANDCU\DOCUMENTS\VISUAL STUDIO 2012\PROJECTS\LAMEDEMO\AUDIO\DEBUG\LAMEWRAPPER.OBJ
C:\USERS\SANDCU\DOCUMENTS\VISUAL STUDIO 2012\PROJECTS\LAMEDEMO\AUDIO\DEBUG\LIBMADWRAPPER.OBJ
C:\USERS\SANDCU\DOCUMENTS\VISUAL STUDIO 2012\PROJECTS\LAMEDEMO\AUDIO\WIN32\DEBUG\SANDCU_AUDIO.ILK
C:\USERS\SANDCU\DOCUMENTS\VISUAL STUDIO 2012\PROJECTS\LAMEDEMO\AUDIO\WIN32\DEBUG\SANDCU_AUDIO.DLL
C:\USERS\SANDCU\DOCUMENTS\VISUAL STUDIO 2012\PROJECTS\LAMEDEMO\AUDIO\WIN32\DEBUG\SANDCU_AUDIO.WINMD
C:\USERS\SANDCU\DOCUMENTS\VISUAL STUDIO 2012\PROJECTS\LAMEDEMO\AUDIO\WIN32\DEBUG\SANDCU_AUDIO.PDB
C:\Users\SandCu\documents\visual studio 2012\Projects\LameDemo\Audio\Debug\Audio.vcxprojResolveAssemblyReference.cache
C:\Users\SandCu\documents\visual studio 2012\Projects\LameDemo\Audio\Debug\CompressedMp3Content.obj
C:\Users\SandCu\documents\visual studio 2012\Projects\LameDemo\Audio\Debug\LameWrapper.obj
C:\Users\SandCu\documents\visual studio 2012\Projects\LameDemo\Audio\Debug\LibmadWrapper.obj
C:\Users\SandCu\documents\visual studio 2012\Projects\LameDemo\Audio\Debug\pch.obj
C:\Users\SandCu\documents\visual studio 2012\Projects\LameDemo\Audio\Debug\RawPCMContent.obj
C:\Users\SandCu\documents\visual studio 2012\Projects\LameDemo\Audio\Debug\Audio.write.1.tlog
C:\Users\SandCu\documents\visual studio 2012\Projects\LameDemo\Audio\Debug\CL.5060.read.1.tlog
C:\Users\SandCu\documents\visual studio 2012\Projects\LameDemo\Audio\Debug\CL.5060.write.1.tlog
C:\Users\SandCu\documents\visual studio 2012\Projects\LameDemo\Audio\Debug\CL.6960.read.1.tlog
C:\Users\SandCu\documents\visual studio 2012\Projects\LameDemo\Audio\Debug\CL.6960.write.1.tlog
C:\Users\SandCu\documents\visual studio 2012\Projects\LameDemo\Audio\Debug\CL.7620.read.1.tlog
C:\Users\SandCu\documents\visual studio 2012\Projects\LameDemo\Audio\Debug\CL.7620.write.1.tlog
C:\Users\SandCu\documents\visual studio 2012\Projects\LameDemo\Audio\Debug\CL.772.read.1.tlog
C:\Users\SandCu\documents\visual studio 2012\Projects\LameDemo\Audio\Debug\CL.772.write.1.tlog
C:\Users\SandCu\documents\visual studio 2012\Projects\LameDemo\Audio\Debug\cl.command.1.tlog
C:\Users\SandCu\documents\visual studio 2012\Projects\LameDemo\Audio\Debug\CL.read.1.tlog
C:\Users\SandCu\documents\visual studio 2012\Projects\LameDemo\Audio\Debug\CL.write.1.tlog
C:\Users\SandCu\documents\visual studio 2012\Projects\LameDemo\Audio\Debug\link.command.1.tlog
C:\Users\SandCu\documents\visual studio 2012\Projects\LameDemo\Audio\Debug\link.read.1.tlog
C:\Users\SandCu\documents\visual studio 2012\Projects\LameDemo\Audio\Debug\link.write.1.tlog
C:\Users\SandCu\documents\visual studio 2012\Projects\LameDemo\Audio\Debug\SandCu_Audio.pch
C:\Users\SandCu\documents\visual studio 2012\Projects\LameDemo\Audio\Debug\vc110.idb
C:\Users\SandCu\documents\visual studio 2012\Projects\LameDemo\Audio\Debug\vc110.pdb
C:\Users\SandCu\documents\visual studio 2012\Projects\LameDemo\Audio\Win32\Debug\SandCu_Audio.pdb
C:\Users\SandCu\documents\visual studio 2012\Projects\LameDemo\Audio\Win32\Debug\SandCu_Audio.dll
C:\Users\SandCu\documents\visual studio 2012\Projects\LameDemo\Audio\Win32\Debug\SandCu_Audio.ilk
