C:\USERS\SANDCU\DOCUMENTS\VISUAL STUDIO 2012\PROJECTS\LAMEDEMO\LIBMAD\DEBUG\LIBMAD.PCH
C:\USERS\SANDCU\DOCUMENTS\VISUAL STUDIO 2012\PROJECTS\LAMEDEMO\LIBMAD\DEBUG\PCH.OBJ
C:\USERS\SANDCU\DOCUMENTS\VISUAL STUDIO 2012\PROJECTS\LAMEDEMO\LIBMAD\DEBUG\VC110.PDB
C:\USERS\SANDCU\DOCUMENTS\VISUAL STUDIO 2012\PROJECTS\LAMEDEMO\LIBMAD\DEBUG\BIT.OBJ
C:\USERS\SANDCU\DOCUMENTS\VISUAL STUDIO 2012\PROJECTS\LAMEDEMO\LIBMAD\DEBUG\DECODER.OBJ
C:\USERS\SANDCU\DOCUMENTS\VISUAL STUDIO 2012\PROJECTS\LAMEDEMO\LIBMAD\DEBUG\FIXED.OBJ
C:\USERS\SANDCU\DOCUMENTS\VISUAL STUDIO 2012\PROJECTS\LAMEDEMO\LIBMAD\DEBUG\FRAME.OBJ
C:\USERS\SANDCU\DOCUMENTS\VISUAL STUDIO 2012\PROJECTS\LAMEDEMO\LIBMAD\DEBUG\HUFFMAN.OBJ
C:\USERS\SANDCU\DOCUMENTS\VISUAL STUDIO 2012\PROJECTS\LAMEDEMO\LIBMAD\DEBUG\LAYER12.OBJ
C:\USERS\SANDCU\DOCUMENTS\VISUAL STUDIO 2012\PROJECTS\LAMEDEMO\LIBMAD\DEBUG\LAYER3.OBJ
C:\USERS\SANDCU\DOCUMENTS\VISUAL STUDIO 2012\PROJECTS\LAMEDEMO\LIBMAD\DEBUG\LIBMAD.OBJ
C:\USERS\SANDCU\DOCUMENTS\VISUAL STUDIO 2012\PROJECTS\LAMEDEMO\LIBMAD\DEBUG\STREAM.OBJ
C:\USERS\SANDCU\DOCUMENTS\VISUAL STUDIO 2012\PROJECTS\LAMEDEMO\LIBMAD\DEBUG\SYNTH.OBJ
C:\USERS\SANDCU\DOCUMENTS\VISUAL STUDIO 2012\PROJECTS\LAMEDEMO\LIBMAD\DEBUG\TIMER.OBJ
C:\USERS\SANDCU\DOCUMENTS\VISUAL STUDIO 2012\PROJECTS\LAMEDEMO\LIBMAD\DEBUG\VERSION.OBJ
C:\USERS\SANDCU\DOCUMENTS\VISUAL STUDIO 2012\PROJECTS\LAMEDEMO\LIBMAD\DEBUG\WRAPPER.OBJ
C:\USERS\SANDCU\DOCUMENTS\VISUAL STUDIO 2012\PROJECTS\LAMEDEMO\DEBUG\LIBMAD\LIBMAD.LIB
C:\Users\SandCu\documents\visual studio 2012\Projects\LameDemo\libmad\Debug\libmad.vcxprojResolveAssemblyReference.cache
C:\Users\SandCu\documents\visual studio 2012\Projects\LameDemo\libmad\Debug\bit.obj
C:\Users\SandCu\documents\visual studio 2012\Projects\LameDemo\libmad\Debug\decoder.obj
C:\Users\SandCu\documents\visual studio 2012\Projects\LameDemo\libmad\Debug\fixed.obj
C:\Users\SandCu\documents\visual studio 2012\Projects\LameDemo\libmad\Debug\frame.obj
C:\Users\SandCu\documents\visual studio 2012\Projects\LameDemo\libmad\Debug\huffman.obj
C:\Users\SandCu\documents\visual studio 2012\Projects\LameDemo\libmad\Debug\layer12.obj
C:\Users\SandCu\documents\visual studio 2012\Projects\LameDemo\libmad\Debug\layer3.obj
C:\Users\SandCu\documents\visual studio 2012\Projects\LameDemo\libmad\Debug\libmad.obj
C:\Users\SandCu\documents\visual studio 2012\Projects\LameDemo\libmad\Debug\pch.obj
C:\Users\SandCu\documents\visual studio 2012\Projects\LameDemo\libmad\Debug\stream.obj
C:\Users\SandCu\documents\visual studio 2012\Projects\LameDemo\libmad\Debug\synth.obj
C:\Users\SandCu\documents\visual studio 2012\Projects\LameDemo\libmad\Debug\timer.obj
C:\Users\SandCu\documents\visual studio 2012\Projects\LameDemo\libmad\Debug\version.obj
C:\Users\SandCu\documents\visual studio 2012\Projects\LameDemo\libmad\Debug\wrapper.obj
C:\Users\SandCu\documents\visual studio 2012\Projects\LameDemo\libmad\Debug\cl.command.1.tlog
C:\Users\SandCu\documents\visual studio 2012\Projects\LameDemo\libmad\Debug\CL.read.1.tlog
C:\Users\SandCu\documents\visual studio 2012\Projects\LameDemo\libmad\Debug\CL.write.1.tlog
C:\Users\SandCu\documents\visual studio 2012\Projects\LameDemo\libmad\Debug\Lib-link.read.1.tlog
C:\Users\SandCu\documents\visual studio 2012\Projects\LameDemo\libmad\Debug\Lib-link.write.1.tlog
C:\Users\SandCu\documents\visual studio 2012\Projects\LameDemo\libmad\Debug\lib.command.1.tlog
C:\Users\SandCu\documents\visual studio 2012\Projects\LameDemo\libmad\Debug\Lib.read.1.tlog
C:\Users\SandCu\documents\visual studio 2012\Projects\LameDemo\libmad\Debug\libmad.pch
C:\Users\SandCu\documents\visual studio 2012\Projects\LameDemo\libmad\Debug\vc110.idb
C:\Users\SandCu\documents\visual studio 2012\Projects\LameDemo\libmad\Debug\vc110.pdb
C:\Users\SandCu\documents\visual studio 2012\Projects\LameDemo\Debug\libmad\libmad.lib
